<?xml version="1.0" encoding="UTF-8"?>
<!-- Generated by org.testng.reporters.JUnitReportReporter -->
<testsuite hostname="DESKTOP-PGAEN7G" failures="0" tests="4" name="zengoT.test" time="2.105" errors="0" timestamp="2022-04-14T10:41:31 IDT" skipped="0">
  <testcase classname="zengoT.test" name="test2" time="1.862"/>
  <system-out/>
  <testcase classname="zengoT.test" name="test1" time="0.045"/>
  <system-out/>
  <testcase classname="zengoT.test" name="test3" time="0.036"/>
  <system-out/>
  <testcase classname="zengoT.test" name="test4" time="0.162"/>
  <system-out/>
</testsuite> <!-- zengoT.test -->
